<?xml version="1.0" encoding="UTF-8"?>
<testng-results ignored="0" total="1" passed="1" failed="0" skipped="0">
  <reporter-output>
  </reporter-output>
  <suite started-at="2022-08-24T10:20:59 IST" name="Default suite" finished-at="2022-08-24T10:21:12 IST" duration-ms="12775">
    <groups>
    </groups>
    <test started-at="2022-08-24T10:20:59 IST" name="Default test" finished-at="2022-08-24T10:21:12 IST" duration-ms="12775">
      <class name="com.tryTestNG.TestNG_SimpleAnnotations">
        <test-method is-config="true" signature="setUp()[pri:0, instance:com.tryTestNG.TestNG_SimpleAnnotations@1bb266b3]" started-at="2022-08-24T10:20:59 IST" name="setUp" finished-at="2022-08-24T10:20:59 IST" duration-ms="41" status="PASS">
          <reporter-output>
          </reporter-output>
        </test-method> <!-- setUp -->
        <test-method is-config="true" signature="browserLaunch()[pri:0, instance:com.tryTestNG.TestNG_SimpleAnnotations@1bb266b3]" started-at="2022-08-24T10:20:59 IST" name="browserLaunch" finished-at="2022-08-24T10:21:05 IST" duration-ms="6484" status="PASS">
          <reporter-output>
          </reporter-output>
        </test-method> <!-- browserLaunch -->
        <test-method is-config="true" signature="launchUrl()[pri:0, instance:com.tryTestNG.TestNG_SimpleAnnotations@1bb266b3]" started-at="2022-08-24T10:21:05 IST" name="launchUrl" finished-at="2022-08-24T10:21:10 IST" duration-ms="4414" status="PASS">
          <reporter-output>
          </reporter-output>
        </test-method> <!-- launchUrl -->
        <test-method signature="login()[pri:0, instance:com.tryTestNG.TestNG_SimpleAnnotations@1bb266b3]" started-at="2022-08-24T10:21:10 IST" name="login" finished-at="2022-08-24T10:21:12 IST" duration-ms="1795" status="PASS">
          <reporter-output>
          </reporter-output>
        </test-method> <!-- login -->
      </class> <!-- com.tryTestNG.TestNG_SimpleAnnotations -->
    </test> <!-- Default test -->
  </suite> <!-- Default suite -->
</testng-results>
